127.0.0.1 - - [03/10/2017:06:42:23] 'GET index.html' 404
127.0.0.1 - - [03/10/2017:06:42:23] 'GET index.html' 404
127.0.0.1 - - [03/10/2017:06:42:51] 'GET index.html' 200
127.0.0.1 - - [03/10/2017:06:43:52] 'GET / HTTP/1.1
Host: localhost:9091
Connection: keep-alive
Cache-Control: max-age=0
Upgrade-Insecure-Requests: 1
User-Agent: Mozilla/5.0 (X11; Linux x86_64) AppleWebKit/537.36 (KHTML, like Gecko) Chrome/56.0.2924.87 Safari/537.36
Accept: text/html,application/xhtml+xml,application/xml;q=0.9,image/webp,*/*;q=0.8
DNT: 1
Accept-Encoding: gzip, deflate, sdch, br
Accept-Language: en-US,en;q=0.8
Cookie: session=.eJw9zLsKwyAUANBfKXfuUEyyBDJYFOlwFcFEdAn0RZpHC23BxJB_r1Ons50V2scVyhV2ZyhBEp17cxyV0DkySpTVQYlmwHialeAL9nrBKDsXhwq2PVw-73v7fQ23579AoWeM9JAMzuoMLc9lz4M0fvKszpDU0U-8UKwZU1M403WeVqnbfhXHLLs.C6ApzQ.6WnP8ys_Q78kCacw5T9c8K9ZX8A

' 400
127.0.0.1 - - [03/10/2017:06:44:03] 'GET / HTTP/1.1
Host: localhost:9091
Connection: keep-alive
Cache-Control: max-age=0
Upgrade-Insecure-Requests: 1
User-Agent: Mozilla/5.0 (X11; Linux x86_64) AppleWebKit/537.36 (KHTML, like Gecko) Chrome/56.0.2924.87 Safari/537.36
Accept: text/html,application/xhtml+xml,application/xml;q=0.9,image/webp,*/*;q=0.8
DNT: 1
Accept-Encoding: gzip, deflate, sdch, br
Accept-Language: en-US,en;q=0.8
Cookie: session=.eJw9zLsKwyAUANBfKXfuUEyyBDJYFOlwFcFEdAn0RZpHC23BxJB_r1Ons50V2scVyhV2ZyhBEp17cxyV0DkySpTVQYlmwHialeAL9nrBKDsXhwq2PVw-73v7fQ23579AoWeM9JAMzuoMLc9lz4M0fvKszpDU0U-8UKwZU1M403WeVqnbfhXHLLs.C6ApzQ.6WnP8ys_Q78kCacw5T9c8K9ZX8A

' 400
127.0.0.1 - - [03/10/2017:06:44:05] 'GET / HTTP/1.1
Host: localhost:9091
Connection: keep-alive
Cache-Control: max-age=0
Upgrade-Insecure-Requests: 1
User-Agent: Mozilla/5.0 (X11; Linux x86_64) AppleWebKit/537.36 (KHTML, like Gecko) Chrome/56.0.2924.87 Safari/537.36
Accept: text/html,application/xhtml+xml,application/xml;q=0.9,image/webp,*/*;q=0.8
DNT: 1
Accept-Encoding: gzip, deflate, sdch, br
Accept-Language: en-US,en;q=0.8
Cookie: session=.eJw9zLsKwyAUANBfKXfuUEyyBDJYFOlwFcFEdAn0RZpHC23BxJB_r1Ons50V2scVyhV2ZyhBEp17cxyV0DkySpTVQYlmwHialeAL9nrBKDsXhwq2PVw-73v7fQ23579AoWeM9JAMzuoMLc9lz4M0fvKszpDU0U-8UKwZU1M403WeVqnbfhXHLLs.C6ApzQ.6WnP8ys_Q78kCacw5T9c8K9ZX8A

' 400
127.0.0.1 - - [03/10/2017:06:44:22] 'GET / HTTP/1.1
Host: localhost:9090
Connection: keep-alive
Upgrade-Insecure-Requests: 1
User-Agent: Mozilla/5.0 (X11; Linux x86_64) AppleWebKit/537.36 (KHTML, like Gecko) Chrome/56.0.2924.87 Safari/537.36
Accept: text/html,application/xhtml+xml,application/xml;q=0.9,image/webp,*/*;q=0.8
DNT: 1
Accept-Encoding: gzip, deflate, sdch, br
Accept-Language: en-US,en;q=0.8
Cookie: session=.eJw9zLsKwyAUANBfKXfuUEyyBDJYFOlwFcFEdAn0RZpHC23BxJB_r1Ons50V2scVyhV2ZyhBEp17cxyV0DkySpTVQYlmwHialeAL9nrBKDsXhwq2PVw-73v7fQ23579AoWeM9JAMzuoMLc9lz4M0fvKszpDU0U-8UKwZU1M403WeVqnbfhXHLLs.C6ApzQ.6WnP8ys_Q78kCacw5T9c8K9ZX8A

' 400
127.0.0.1 - - [03/10/2017:06:44:25] 'GET /asd HTTP/1.1
Host: localhost:9090
Connection: keep-alive
Upgrade-Insecure-Requests: 1
User-Agent: Mozilla/5.0 (X11; Linux x86_64) AppleWebKit/537.36 (KHTML, like Gecko) Chrome/56.0.2924.87 Safari/537.36
Accept: text/html,application/xhtml+xml,application/xml;q=0.9,image/webp,*/*;q=0.8
DNT: 1
Accept-Encoding: gzip, deflate, sdch, br
Accept-Language: en-US,en;q=0.8
Cookie: session=.eJw9zLsKwyAUANBfKXfuUEyyBDJYFOlwFcFEdAn0RZpHC23BxJB_r1Ons50V2scVyhV2ZyhBEp17cxyV0DkySpTVQYlmwHialeAL9nrBKDsXhwq2PVw-73v7fQ23579AoWeM9JAMzuoMLc9lz4M0fvKszpDU0U-8UKwZU1M403WeVqnbfhXHLLs.C6ApzQ.6WnP8ys_Q78kCacw5T9c8K9ZX8A

' 400
127.0.0.1 - - [03/10/2017:06:44:28] 'GET / HTTP/1.1
Host: localhost:9090
Connection: keep-alive
Upgrade-Insecure-Requests: 1
User-Agent: Mozilla/5.0 (X11; Linux x86_64) AppleWebKit/537.36 (KHTML, like Gecko) Chrome/56.0.2924.87 Safari/537.36
Accept: text/html,application/xhtml+xml,application/xml;q=0.9,image/webp,*/*;q=0.8
DNT: 1
Accept-Encoding: gzip, deflate, sdch, br
Accept-Language: en-US,en;q=0.8
Cookie: session=.eJw9zLsKwyAUANBfKXfuUEyyBDJYFOlwFcFEdAn0RZpHC23BxJB_r1Ons50V2scVyhV2ZyhBEp17cxyV0DkySpTVQYlmwHialeAL9nrBKDsXhwq2PVw-73v7fQ23579AoWeM9JAMzuoMLc9lz4M0fvKszpDU0U-8UKwZU1M403WeVqnbfhXHLLs.C6ApzQ.6WnP8ys_Q78kCacw5T9c8K9ZX8A

' 400
127.0.0.1 - - [03/10/2017:06:44:51] 'GET / HTTP/1.1
Host: localhost:9090
Connection: keep-alive
Cache-Control: max-age=0
Upgrade-Insecure-Requests: 1
User-Agent: Mozilla/5.0 (X11; Linux x86_64) AppleWebKit/537.36 (KHTML, like Gecko) Chrome/56.0.2924.87 Safari/537.36
Accept: text/html,application/xhtml+xml,application/xml;q=0.9,image/webp,*/*;q=0.8
DNT: 1
Accept-Encoding: gzip, deflate, sdch, br
Accept-Language: en-US,en;q=0.8
Cookie: session=.eJw9zLsKwyAUANBfKXfuUEyyBDJYFOlwFcFEdAn0RZpHC23BxJB_r1Ons50V2scVyhV2ZyhBEp17cxyV0DkySpTVQYlmwHialeAL9nrBKDsXhwq2PVw-73v7fQ23579AoWeM9JAMzuoMLc9lz4M0fvKszpDU0U-8UKwZU1M403WeVqnbfhXHLLs.C6ApzQ.6WnP8ys_Q78kCacw5T9c8K9ZX8A

' 400
127.0.0.1 - - [03/10/2017:06:45:42] 'GET / HTTP/1.1
Host: localhost:9091
Connection: keep-alive
Upgrade-Insecure-Requests: 1
User-Agent: Mozilla/5.0 (X11; Linux x86_64) AppleWebKit/537.36 (KHTML, like Gecko) Chrome/56.0.2924.87 Safari/537.36
Accept: text/html,application/xhtml+xml,application/xml;q=0.9,image/webp,*/*;q=0.8
DNT: 1
Accept-Encoding: gzip, deflate, sdch, br
Accept-Language: en-US,en;q=0.8
Cookie: session=.eJw9zLsKwyAUANBfKXfuUEyyBDJYFOlwFcFEdAn0RZpHC23BxJB_r1Ons50V2scVyhV2ZyhBEp17cxyV0DkySpTVQYlmwHialeAL9nrBKDsXhwq2PVw-73v7fQ23579AoWeM9JAMzuoMLc9lz4M0fvKszpDU0U-8UKwZU1M403WeVqnbfhXHLLs.C6ApzQ.6WnP8ys_Q78kCacw5T9c8K9ZX8A

' 400
127.0.0.1 - - [03/10/2017:06:45:43] 'GET / HTTP/1.1
Host: localhost:9091
Connection: keep-alive
Upgrade-Insecure-Requests: 1
User-Agent: Mozilla/5.0 (X11; Linux x86_64) AppleWebKit/537.36 (KHTML, like Gecko) Chrome/56.0.2924.87 Safari/537.36
Accept: text/html,application/xhtml+xml,application/xml;q=0.9,image/webp,*/*;q=0.8
DNT: 1
Accept-Encoding: gzip, deflate, sdch, br
Accept-Language: en-US,en;q=0.8
Cookie: session=.eJw9zLsKwyAUANBfKXfuUEyyBDJYFOlwFcFEdAn0RZpHC23BxJB_r1Ons50V2scVyhV2ZyhBEp17cxyV0DkySpTVQYlmwHialeAL9nrBKDsXhwq2PVw-73v7fQ23579AoWeM9JAMzuoMLc9lz4M0fvKszpDU0U-8UKwZU1M403WeVqnbfhXHLLs.C6ApzQ.6WnP8ys_Q78kCacw5T9c8K9ZX8A

' 400
127.0.0.1 - - [03/10/2017:06:46:32] 'GET index.html' 200
127.0.0.1 - - [03/10/2017:06:46:32] 'GET index.html' 200
127.0.0.1 - - [03/10/2017:06:46:33] 'GET /favicon.ico' 404
127.0.0.1 - - [03/10/2017:06:48:19] 'GET index.html' 200
127.0.0.1 - - [03/10/2017:06:49:54] 'GET / HTTP/1.1
Host: localhost:9090
Connection: keep-alive
Upgrade-Insecure-Requests: 1
User-Agent: Mozilla/5.0 (X11; Linux x86_64) AppleWebKit/537.36 (KHTML, like Gecko) Chrome/56.0.2924.87 Safari/537.36
Accept: text/html,application/xhtml+xml,application/xml;q=0.9,image/webp,*/*;q=0.8
DNT: 1
Accept-Encoding: gzip, deflate, sdch, br
Accept-Language: en-US,en;q=0.8
Cookie: session=.eJw9zLsKwyAUANBfKXfuUEyyBDJYFOlwFcFEdAn0RZpHC23BxJB_r1Ons50V2scVyhV2ZyhBEp17cxyV0DkySpTVQYlmwHialeAL9nrBKDsXhwq2PVw-73v7fQ23579AoWeM9JAMzuoMLc9lz4M0fvKszpDU0U-8UKwZU1M403WeVqnbfhXHLLs.C6ApzQ.6WnP8ys_Q78kCacw5T9c8K9ZX8A

' 400
127.0.0.1 - - [03/10/2017:06:49:54] 'GET / HTTP/1.1
Host: localhost:9090
Connection: keep-alive
Upgrade-Insecure-Requests: 1
User-Agent: Mozilla/5.0 (X11; Linux x86_64) AppleWebKit/537.36 (KHTML, like Gecko) Chrome/56.0.2924.87 Safari/537.36
Accept: text/html,application/xhtml+xml,application/xml;q=0.9,image/webp,*/*;q=0.8
DNT: 1
Accept-Encoding: gzip, deflate, sdch, br
Accept-Language: en-US,en;q=0.8
Cookie: session=.eJw9zLsKwyAUANBfKXfuUEyyBDJYFOlwFcFEdAn0RZpHC23BxJB_r1Ons50V2scVyhV2ZyhBEp17cxyV0DkySpTVQYlmwHialeAL9nrBKDsXhwq2PVw-73v7fQ23579AoWeM9JAMzuoMLc9lz4M0fvKszpDU0U-8UKwZU1M403WeVqnbfhXHLLs.C6ApzQ.6WnP8ys_Q78kCacw5T9c8K9ZX8A

' 400
